[debug] [2024-12-16T16:39:28.430Z] ----------------------------------------------------------------------
[debug] [2024-12-16T16:39:28.433Z] Command:       C:\Program Files\nodejs\node.exe C:\Users\dzeel\AppData\Roaming\npm\node_modules\firebase-tools\lib\bin\firebase.js init
[debug] [2024-12-16T16:39:28.434Z] CLI Version:   13.29.1
[debug] [2024-12-16T16:39:28.434Z] Platform:      win32
[debug] [2024-12-16T16:39:28.434Z] Node Version:  v20.16.0
[debug] [2024-12-16T16:39:28.434Z] Time:          Mon Dec 16 2024 22:09:28 GMT+0530 (India Standard Time)
[debug] [2024-12-16T16:39:28.434Z] ----------------------------------------------------------------------
[debug] 
[debug] [2024-12-16T16:39:28.437Z] >>> [apiv2][query] GET https://firebase-public.firebaseio.com/cli.json [none]
[debug] [2024-12-16T16:39:28.479Z] > command requires scopes: ["email","openid","https://www.googleapis.com/auth/cloudplatformprojects.readonly","https://www.googleapis.com/auth/firebase","https://www.googleapis.com/auth/cloud-platform"]
[debug] [2024-12-16T16:39:28.480Z] > authorizing via signed-in user (bobbydeepak14158@gmail.com)
[info] 
     ######## #### ########  ######## ########     ###     ######  ########
     ##        ##  ##     ## ##       ##     ##  ##   ##  ##       ##
     ######    ##  ########  ######   ########  #########  ######  ######
     ##        ##  ##    ##  ##       ##     ## ##     ##       ## ##
     ##       #### ##     ## ######## ########  ##     ##  ######  ########

You're about to initialize a Firebase project in this directory:

  D:\js\projects\portfolio\reacted-portfolio

[debug] [2024-12-16T16:39:29.089Z] <<< [apiv2][status] GET https://firebase-public.firebaseio.com/cli.json 200
[debug] [2024-12-16T16:39:29.090Z] <<< [apiv2][body] GET https://firebase-public.firebaseio.com/cli.json {"cloudBuildErrorAfter":1594252800000,"cloudBuildWarnAfter":1590019200000,"defaultNode10After":1594252800000,"minVersion":"3.0.5","node8DeploysDisabledAfter":1613390400000,"node8RuntimeDisabledAfter":1615809600000,"node8WarnAfter":1600128000000}
